{"name": "test_message_disappeared_after_adding_product_to_basket", "status": "skipped", "statusDetails": {"message": "XFAIL\n\nAssertionError: Success message is not disappeared, but expected to be", "trace": "self = <module_5.test_product_page.TestProductPage object at 0x10ac09eb8>\nbrowser = <selenium.webdriver.chrome.webdriver.WebDriver (session=\"30515a71d4eb7fe06aa05839f4e62194\")>\n\n    @pytest.mark.xfail\n    def test_message_disappeared_after_adding_product_to_basket(self, browser):\n        page = ProductPage(browser, link)\n        page.open()\n        page.add_to_basket_form_button_click()\n>       page.should_disappeared_success_message()\n\nmodule_5/test_product_page.py:24: \n_ _ _ _ _ _ _ _ _ _ _ _ _ _ _ _ _ _ _ _ _ _ _ _ _ _ _ _ _ _ _ _ _ _ _ _ _ _ _ _ _ _ _ _ _ _ _ _ _ _ _ _ _ _ _ _ _ _ _ _ _ _ _ _ _ _ _ _ _ _ _ _ _ _ _ _ _ _\n\nself = <module_5.pages.product_page.ProductPage object at 0x10ac09f60>\n\n    def should_disappeared_success_message(self):\n        assert self.is_disappeared(*ProductPageLocators.ADD_TO_BASKET_SUCCESS_MSG_PRODUCT_NAME), \\\n>           \"Success message is not disappeared, but expected to be\"\nE       AssertionError: Success message is not disappeared, but expected to be\n\nmodule_5/pages/product_page.py:50: AssertionError"}, "attachments": [{"name": "stdout", "source": "a8c52963-ce6b-4341-8c51-21a51b8dca3f-attachment.txt", "type": "text/plain"}], "start": 1624134290184, "stop": 1624134296401, "uuid": "59c8ec0f-7aa1-411b-a438-53dfa729ff66", "historyId": "b1c3189d6400963e937a7a94e38cea78", "testCaseId": "f66e00741f4a223b46a7d8138cfe073c", "fullName": "module_5.test_product_page.TestProductPage#test_message_disappeared_after_adding_product_to_basket", "labels": [{"name": "tag", "value": "@pytest.mark.xfail"}, {"name": "parentSuite", "value": "module_5"}, {"name": "suite", "value": "test_product_page"}, {"name": "subSuite", "value": "TestProductPage"}, {"name": "host", "value": "mbp-artiom"}, {"name": "thread", "value": "86983-MainThread"}, {"name": "framework", "value": "pytest"}, {"name": "language", "value": "cpython3"}, {"name": "package", "value": "module_5.test_product_page"}]}