{
  "uid" : "e489615299272878",
  "name" : "test_message_disappeared_after_adding_product_to_basket",
  "fullName" : "module_5.test_product_page.TestProductPage#test_message_disappeared_after_adding_product_to_basket",
  "historyId" : "b1c3189d6400963e937a7a94e38cea78",
  "time" : {
    "start" : 1624134290184,
    "stop" : 1624134296401,
    "duration" : 6217
  },
  "status" : "skipped",
  "statusMessage" : "XFAIL\n\nAssertionError: Success message is not disappeared, but expected to be",
  "statusTrace" : "self = <module_5.test_product_page.TestProductPage object at 0x10ac09eb8>\nbrowser = <selenium.webdriver.chrome.webdriver.WebDriver (session=\"30515a71d4eb7fe06aa05839f4e62194\")>\n\n    @pytest.mark.xfail\n    def test_message_disappeared_after_adding_product_to_basket(self, browser):\n        page = ProductPage(browser, link)\n        page.open()\n        page.add_to_basket_form_button_click()\n>       page.should_disappeared_success_message()\n\nmodule_5/test_product_page.py:24: \n_ _ _ _ _ _ _ _ _ _ _ _ _ _ _ _ _ _ _ _ _ _ _ _ _ _ _ _ _ _ _ _ _ _ _ _ _ _ _ _ _ _ _ _ _ _ _ _ _ _ _ _ _ _ _ _ _ _ _ _ _ _ _ _ _ _ _ _ _ _ _ _ _ _ _ _ _ _\n\nself = <module_5.pages.product_page.ProductPage object at 0x10ac09f60>\n\n    def should_disappeared_success_message(self):\n        assert self.is_disappeared(*ProductPageLocators.ADD_TO_BASKET_SUCCESS_MSG_PRODUCT_NAME), \\\n>           \"Success message is not disappeared, but expected to be\"\nE       AssertionError: Success message is not disappeared, but expected to be\n\nmodule_5/pages/product_page.py:50: AssertionError",
  "flaky" : false,
  "newFailed" : false,
  "beforeStages" : [ {
    "name" : "browser",
    "time" : {
      "start" : 1624134288123,
      "stop" : 1624134290175,
      "duration" : 2052
    },
    "status" : "passed",
    "steps" : [ ],
    "attachments" : [ ],
    "parameters" : [ ],
    "stepsCount" : 0,
    "attachmentsCount" : 0,
    "shouldDisplayMessage" : false,
    "hasContent" : false
  } ],
  "testStage" : {
    "status" : "skipped",
    "statusMessage" : "XFAIL\n\nAssertionError: Success message is not disappeared, but expected to be",
    "statusTrace" : "self = <module_5.test_product_page.TestProductPage object at 0x10ac09eb8>\nbrowser = <selenium.webdriver.chrome.webdriver.WebDriver (session=\"30515a71d4eb7fe06aa05839f4e62194\")>\n\n    @pytest.mark.xfail\n    def test_message_disappeared_after_adding_product_to_basket(self, browser):\n        page = ProductPage(browser, link)\n        page.open()\n        page.add_to_basket_form_button_click()\n>       page.should_disappeared_success_message()\n\nmodule_5/test_product_page.py:24: \n_ _ _ _ _ _ _ _ _ _ _ _ _ _ _ _ _ _ _ _ _ _ _ _ _ _ _ _ _ _ _ _ _ _ _ _ _ _ _ _ _ _ _ _ _ _ _ _ _ _ _ _ _ _ _ _ _ _ _ _ _ _ _ _ _ _ _ _ _ _ _ _ _ _ _ _ _ _\n\nself = <module_5.pages.product_page.ProductPage object at 0x10ac09f60>\n\n    def should_disappeared_success_message(self):\n        assert self.is_disappeared(*ProductPageLocators.ADD_TO_BASKET_SUCCESS_MSG_PRODUCT_NAME), \\\n>           \"Success message is not disappeared, but expected to be\"\nE       AssertionError: Success message is not disappeared, but expected to be\n\nmodule_5/pages/product_page.py:50: AssertionError",
    "steps" : [ ],
    "attachments" : [ {
      "uid" : "76c43e48bfe8ef0d",
      "name" : "stdout",
      "source" : "76c43e48bfe8ef0d.txt",
      "type" : "text/plain",
      "size" : 49
    } ],
    "parameters" : [ ],
    "stepsCount" : 0,
    "attachmentsCount" : 1,
    "shouldDisplayMessage" : true,
    "hasContent" : true
  },
  "afterStages" : [ {
    "name" : "browser::0",
    "time" : {
      "start" : 1624134296411,
      "stop" : 1624134296743,
      "duration" : 332
    },
    "status" : "passed",
    "steps" : [ ],
    "attachments" : [ ],
    "parameters" : [ ],
    "stepsCount" : 0,
    "attachmentsCount" : 0,
    "shouldDisplayMessage" : false,
    "hasContent" : false
  } ],
  "labels" : [ {
    "name" : "tag",
    "value" : "@pytest.mark.xfail"
  }, {
    "name" : "parentSuite",
    "value" : "module_5"
  }, {
    "name" : "suite",
    "value" : "test_product_page"
  }, {
    "name" : "subSuite",
    "value" : "TestProductPage"
  }, {
    "name" : "host",
    "value" : "mbp-artiom"
  }, {
    "name" : "thread",
    "value" : "86983-MainThread"
  }, {
    "name" : "framework",
    "value" : "pytest"
  }, {
    "name" : "language",
    "value" : "cpython3"
  }, {
    "name" : "package",
    "value" : "module_5.test_product_page"
  }, {
    "name" : "resultFormat",
    "value" : "allure2"
  } ],
  "parameters" : [ ],
  "links" : [ ],
  "hidden" : false,
  "retry" : false,
  "extra" : {
    "severity" : "normal",
    "retries" : [ ],
    "categories" : [ ],
    "tags" : [ "@pytest.mark.xfail" ]
  },
  "source" : "e489615299272878.json",
  "parameterValues" : [ ]
}